Progress Logs
-------------
Number of Sensors: 3
Number of Read Keys: 1
Start Timestamp: 2023-06-16
End Timestamp: 2023-07-26
Average: 10
Fields: temperature,humidity,pm2.5_cf_1,pm10.0_cf_1
-------------
Starting requests for sensor 159997.
Making request 1.
Making request 2.
Making request 3.
Making request 4.
Making request 5.
Making request 6.
Making request 7.
Making request 8.
Making request 9.
Making request 10.
Making request 11.
Making request 12.
Making request 13.
Making request 14.
Data download completed for sensor 159997.

Starting requests for sensor 159991.
Making request 15.
Making request 16.
Making request 17.
Making request 18.
Making request 19.
Making request 20.
Making request 21.
Making request 22.
Making request 23.
Making request 24.
Making request 25.
Making request 26.
Making request 27.
Making request 28.
Data download completed for sensor 159991.

Starting requests for sensor 159965.
Making request 29.
Making request 30.
Making request 31.
Making request 32.
Making request 33.
Making request 34.
Making request 35.
Making request 36.
Making request 37.
Making request 38.
Making request 39.
Making request 40.
Making request 41.
Making request 42.
Data download completed for sensor 159965.

Download request has been completed.
